
Starting WebSocket Server...
Server will listen on 127.0.0.1:9502
Loaded 121 rooms from database
PHP Fatal error:  Access level to App\Servers\Handlers\RoomHandler::validatePlayer() must be protected (as in class App\Servers\Handlers\BaseMessageHandler) or weaker in /home/says/projekty/CardGame/app/Servers/Handlers/RoomHandler.php on line 437

   Symfony\Component\ErrorHandler\Error\FatalError 

  Access level to App\Servers\Handlers\RoomHandler::validatePlayer() must be protected (as in class App\Servers\Handlers\BaseMessageHandler) or weaker

  at app/Servers/Handlers/RoomHandler.php:437
    433▕             $this->storage->setRoomTimer($roomId, $timerId);
    434▕         }
    435▕     }
    436▕ 
  ➜ 437▕     private function validatePlayer(int $fd)
    438▕     {
    439▕         if (!$this->storage->playerExists($fd)) {
    440▕             $this->logger->warning("Player fd $fd not found in storage", ['method' => 'validatePlayer']);
    441▕             return null;


   Whoops\Exception\ErrorException 

  Access level to App\Servers\Handlers\RoomHandler::validatePlayer() must be protected (as in class App\Servers\Handlers\BaseMessageHandler) or weaker

  at app/Servers/Handlers/RoomHandler.php:437
    433▕             $this->storage->setRoomTimer($roomId, $timerId);
    434▕         }
    435▕     }
    436▕ 
  ➜ 437▕     private function validatePlayer(int $fd)
    438▕     {
    439▕         if (!$this->storage->playerExists($fd)) {
    440▕             $this->logger->warning("Player fd $fd not found in storage", ['method' => 'validatePlayer']);
    441▕             return null;

      [2m+1 vendor frames [22m

  2   [internal]:0
      Whoops\Run::handleShutdown()

